<?xml version="1.0" encoding="UTF-8"?>
<!-- Generated by org.testng.reporters.JUnitReportReporter -->
<testsuite skipped="0" hostname="Drig" name="suiteA.TestA2" tests="1" failures="0" timestamp="08 Jun 2019 01:31:16 GMT" time="13.411" errors="0">
  <testcase name="testA2" time="13.411" classname="suiteA.TestA2"/>
</testsuite> <!-- suiteA.TestA2 -->
