<?xml version="1.0" encoding="UTF-8"?>
<!-- Generated by org.testng.reporters.JUnitReportReporter -->
<testsuite skipped="0" hostname="Drig" name="suiteA.TestA3" tests="1" failures="0" timestamp="08 Jun 2019 01:31:16 GMT" time="18.897" errors="0">
  <testcase name="testA3" time="18.897" classname="suiteA.TestA3"/>
</testsuite> <!-- suiteA.TestA3 -->
