<?xml version="1.0" encoding="UTF-8"?>
<!-- Generated by org.testng.reporters.JUnitReportReporter -->
<testsuite skipped="0" hostname="Drig" name="suiteB.TestB3" tests="1" failures="0" timestamp="08 Jun 2019 01:31:16 GMT" time="12.766" errors="0">
  <testcase name="testB3" time="12.766" classname="suiteB.TestB3"/>
</testsuite> <!-- suiteB.TestB3 -->
