<?xml version="1.0" encoding="UTF-8"?>
<!-- Generated by org.testng.reporters.JUnitReportReporter -->
<testsuite skipped="0" hostname="Drig" name="suiteA.TestA" tests="2" failures="0" timestamp="08 Jun 2019 01:31:16 GMT" time="32.545" errors="0">
  <testcase name="testA" time="19.444" classname="suiteA.TestA"/>
  <testcase name="testAAA" time="13.101" classname="suiteA.TestA"/>
</testsuite> <!-- suiteA.TestA -->
