<?xml version="1.0" encoding="UTF-8"?>
<!-- Generated by org.testng.reporters.JUnitReportReporter -->
<testsuite skipped="0" hostname="Drig" name="com.Autoit.UploadFileAutoIt" tests="1" failures="0" timestamp="06 Jun 2019 03:28:04 GMT" time="5.332" errors="0">
  <testcase name="fileupload" time="5.332" classname="com.Autoit.UploadFileAutoIt"/>
</testsuite> <!-- com.Autoit.UploadFileAutoIt -->
