<?xml version="1.0" encoding="UTF-8"?>
<!-- Generated by org.testng.reporters.JUnitReportReporter -->
<testsuite skipped="0" hostname="Drig" name="suiteB.TestB2" tests="1" failures="0" timestamp="08 Jun 2019 01:31:16 GMT" time="18.982" errors="0">
  <testcase name="testB2" time="18.982" classname="suiteB.TestB2"/>
</testsuite> <!-- suiteB.TestB2 -->
