<?xml version="1.0" encoding="UTF-8"?>
<!-- Generated by org.testng.reporters.JUnitReportReporter -->
<testsuite skipped="0" hostname="Drig" name="com.Autoit.UploadFile" tests="1" failures="0" timestamp="05 Jun 2019 03:45:40 GMT" time="5.164" errors="0">
  <testcase name="fileupload" time="5.164" classname="com.Autoit.UploadFile"/>
</testsuite> <!-- com.Autoit.UploadFile -->
